#
# A fatal error has been detected by the Java Runtime Environment:
#
#  EXCEPTION_STACK_OVERFLOW (0xc00000fd) at pc=0x00007ffb6291bec3, pid=448, tid=2360
#
# JRE version: OpenJDK Runtime Environment (17.0.6) (build 17.0.6+0-b2043.56-9586694)
# Java VM: OpenJDK 64-Bit Server VM (17.0.6+0-b2043.56-9586694, mixed mode, tiered, compressed oops, compressed class ptrs, g1 gc, windows-amd64)
# Problematic frame:
# V  [jvm.dll+0x38bec3]
#
# No core dump will be written. Minidumps are not enabled by default on client versions of Windows
#
# If you would like to submit a bug report, please visit:
#   https://bugreport.java.com/bugreport/crash.jsp
#

---------------  S U M M A R Y ------------
 Windows 11 , 64 bit Build 22621 (10.0.22621.2428)
Time: Thu Oct 12 16:27:07 2023 Sri Lanka Standard Time elapsed time: 19789.842583 seconds (0d 5h 29m 49s)

---------------  T H R E A D  ---------------

Current thread (0x000001b279134a30):  JavaThread "Build operations" [_thread_in_vm, id=2360, stack(0x0000009bf5800000,0x0000009bf5900000)]

Stack: [0x0000009bf5800000,0x0000009bf5900000],  sp=0x0000009bf58ff4d0,  free space=1021k
Native frames: (J=compiled Java code, j=interpreted, Vv=VM code, C=native code)
V  [jvm.dll+0x38bec3]
V  [jvm.dll+0x683a72]
V  [jvm.dll+0x38cb1b]
V  [jvm.dll+0x38cda7]
V  [jvm.dll+0x412861]
V  [jvm.dll+0x7f809c]
V  [jvm.dll+0x7f25fa]
